<?xml version="1.0" encoding="UTF-8"?>
<!-- Generated by org.testng.reporters.JUnitXMLReporter -->
<testsuite ignored="0" hostname="DESKTOP-DJ4FDME" failures="0" tests="2" name="Default test" time="11.632" errors="0" timestamp="2025-02-25T06:47:05 IST">
  <testcase classname="org.wipro.automation.saucedemo.testcases.SignupScenario" name="tc01__Signup" time="2.089"/>
  <testcase classname="org.wipro.automation.saucedemo.testcases.SignupScenario" name="tc01__Signup" time="1.994"/>
</testsuite> <!-- Default test -->
