<?xml version="1.0" encoding="UTF-8"?>
<!-- Generated by org.testng.reporters.JUnitXMLReporter -->
<testsuite ignored="2" hostname="DESKTOP-DJ4FDME" failures="5" tests="73" name="Test" time="27.632" errors="0" timestamp="2025-02-20T06:42:27 IST">
  <testcase classname="demoTestNG.TestScenario" name="fifth_testcase" time="0.014"/>
  <testcase classname="demoTestNG.TestScenario" name="first_testcase" time="0.009">
    <failure type="java.lang.AssertionError" message="expected [Hello world] but found [Hello]">
      <![CDATA[java.lang.AssertionError: expected [Hello world] but found [Hello]
at demoTestNG.TestScenario.first_testcase(TestScenario.java:13)
at java.base/java.util.ArrayList.forEach(ArrayList.java:1597)
... Removed 31 stack frames]]>
    </failure>
  </testcase> <!-- first_testcase -->
  <testcase classname="demoTestNG.TestScenario" name="second_testcase" time="0.001"/>
  <testcase classname="demoTestNG.TestScenario" name="seventh_testcase" time="0.003"/>
  <testcase classname="demoTestNG.TestScenario" name="sixth_testcase" time="0.001"/>
  <testcase classname="demoTestNG.TestScenario" name="third_testcase" time="0.001">
    <failure type="java.lang.AssertionError" message="expected [Hello world] but found [Hello]">
      <![CDATA[java.lang.AssertionError: expected [Hello world] but found [Hello]
at demoTestNG.TestScenario.third_testcase(TestScenario.java:26)
at java.base/java.util.ArrayList.forEach(ArrayList.java:1597)
... Removed 31 stack frames]]>
    </failure>
  </testcase> <!-- third_testcase -->
  <testcase classname="demoTestNG.TestScenario" name="forth_testcase" time="0.0">
    <skipped/>
  </testcase> <!-- forth_testcase -->
  <testcase classname="demoTestNG.TestScenario10" name="fifth_testcase" time="0.003"/>
  <testcase classname="demoTestNG.TestScenario10" name="first_testcase" time="0.002"/>
  <testcase classname="demoTestNG.TestScenario10" name="forth_testcase" time="0.003"/>
  <testcase classname="demoTestNG.TestScenario10" name="second_testcase" time="0.002"/>
  <testcase classname="demoTestNG.TestScenario10" name="seventh_testcase" time="0.005"/>
  <testcase classname="demoTestNG.TestScenario10" name="sixth_testcase" time="0.002"/>
  <testcase classname="demoTestNG.TestScenario10" name="third_testcase" time="0.001"/>
  <testcase classname="org.xyz.automation.fb.KeyboardMouse_HandleWinAlertFrame" name="handlealerts" time="4.751"/>
  <testcase classname="org.xyz.automation.fb.KeyboardMouse_HandleWinAlertFrame" name="handlemouse" time="13.097"/>
  <testcase classname="demoTestNG.TestScenario9" name="fifth_testcase" time="0.003"/>
  <testcase classname="demoTestNG.TestScenario9" name="first_testcase" time="0.002"/>
  <testcase classname="demoTestNG.TestScenario9" name="forth_testcase" time="0.002"/>
  <testcase classname="demoTestNG.TestScenario9" name="second_testcase" time="0.002"/>
  <testcase classname="demoTestNG.TestScenario9" name="seventh_testcase" time="0.001"/>
  <testcase classname="demoTestNG.TestScenario9" name="sixth_testcase" time="0.003"/>
  <testcase classname="demoTestNG.TestScenario9" name="third_testcase" time="0.001"/>
  <testcase classname="demoTestNG.TestScenario8" name="fifth_testcase" time="0.004"/>
  <testcase classname="demoTestNG.TestScenario8" name="first_testcase" time="0.002"/>
  <testcase classname="demoTestNG.TestScenario8" name="forth_testcase" time="0.004"/>
  <testcase classname="demoTestNG.TestScenario8" name="second_testcase" time="0.002"/>
  <testcase classname="demoTestNG.TestScenario8" name="seventh_testcase" time="0.001"/>
  <testcase classname="demoTestNG.TestScenario8" name="sixth_testcase" time="0.001"/>
  <testcase classname="demoTestNG.TestScenario8" name="third_testcase" time="0.002"/>
  <testcase classname="demoTestNG.TestScenario3" name="fifth_testcase" time="0.001"/>
  <testcase classname="demoTestNG.TestScenario3" name="first_testcase" time="0.002"/>
  <testcase classname="demoTestNG.TestScenario3" name="forth_testcase" time="0.002"/>
  <testcase classname="demoTestNG.TestScenario3" name="seventh_testcase" time="0.002"/>
  <testcase classname="demoTestNG.TestScenario3" name="sixth_testcase" time="0.002"/>
  <testcase classname="demoTestNG.TestScenario3" name="third_testcase" time="0.002"/>
  <testcase classname="org.xyz.automation.fb.FirstClassAutomation" name="tc001_signup_functionality" time="1.97"/>
  <testcase classname="org.xyz.automation.fb.FirstClassAutomation" name="tc002_login_functionality" time="0.489"/>
  <testcase classname="demoTestNG.TestScenario2" name="seventh_testcase" time="0.003"/>
  <testcase classname="demoTestNG.TestScenario2" name="sixth_testcase" time="0.003"/>
  <testcase classname="demoTestNG.TestScenario2" name="fifth_testcase" time="0.003"/>
  <testcase classname="demoTestNG.TestScenario2" name="forth_testcase" time="0.002"/>
  <testcase classname="demoTestNG.TestScenario2" name="first_testcase" time="0.003"/>
  <testcase classname="demoTestNG.TestScenario2" name="second_testcase" time="0.002"/>
  <testcase classname="demoTestNG.TestScenario2" name="third_testcase" time="0.002"/>
  <testcase classname="demoTestNG.TestScenario7" name="fifth_testcase" time="0.003"/>
  <testcase classname="demoTestNG.TestScenario7" name="first_testcase" time="0.002"/>
  <testcase classname="demoTestNG.TestScenario7" name="forth_testcase" time="0.002">
    <failure type="java.lang.AssertionError" message="expected [Hello world] but found [Hello]">
      <![CDATA[java.lang.AssertionError: expected [Hello world] but found [Hello]
at demoTestNG.TestScenario7.forth_testcase(TestScenario7.java:32)
at java.base/java.util.ArrayList.forEach(ArrayList.java:1597)
... Removed 31 stack frames]]>
    </failure>
  </testcase> <!-- forth_testcase -->
  <testcase classname="demoTestNG.TestScenario7" name="second_testcase" time="0.002">
    <failure type="java.lang.AssertionError" message="expected [Hello world] but found [Hello]">
      <![CDATA[java.lang.AssertionError: expected [Hello world] but found [Hello]
at demoTestNG.TestScenario7.second_testcase(TestScenario7.java:19)
at java.base/java.util.ArrayList.forEach(ArrayList.java:1597)
... Removed 31 stack frames]]>
    </failure>
  </testcase> <!-- second_testcase -->
  <testcase classname="demoTestNG.TestScenario7" name="seventh_testcase" time="0.002"/>
  <testcase classname="demoTestNG.TestScenario7" name="sixth_testcase" time="0.001"/>
  <testcase classname="demoTestNG.TestScenario7" name="third_testcase" time="0.003"/>
  <testcase classname="demoTestNG.TestScenario6" name="fifth_testcase" time="0.004"/>
  <testcase classname="demoTestNG.TestScenario6" name="first_testcase" time="0.003"/>
  <testcase classname="demoTestNG.TestScenario6" name="forth_testcase" time="0.002"/>
  <testcase classname="demoTestNG.TestScenario6" name="second_testcase" time="0.001"/>
  <testcase classname="demoTestNG.TestScenario6" name="seventh_testcase" time="0.002"/>
  <testcase classname="demoTestNG.TestScenario6" name="sixth_testcase" time="0.003"/>
  <testcase classname="demoTestNG.TestScenario6" name="third_testcase" time="0.001"/>
  <testcase classname="demoTestNG.TestScenario5" name="fifth_testcase" time="0.002"/>
  <testcase classname="demoTestNG.TestScenario5" name="first_testcase" time="0.003"/>
  <testcase classname="demoTestNG.TestScenario5" name="forth_testcase" time="0.002"/>
  <testcase classname="demoTestNG.TestScenario5" name="second_testcase" time="0.002"/>
  <testcase classname="demoTestNG.TestScenario5" name="seventh_testcase" time="0.001"/>
  <testcase classname="demoTestNG.TestScenario5" name="sixth_testcase" time="0.002"/>
  <testcase classname="demoTestNG.TestScenario5" name="third_testcase" time="0.002"/>
  <testcase classname="demoTestNG.TestScenario4" name="fifth_testcase" time="0.002"/>
  <testcase classname="demoTestNG.TestScenario4" name="first_testcase" time="0.002"/>
  <testcase classname="demoTestNG.TestScenario4" name="forth_testcase" time="0.002"/>
  <testcase classname="demoTestNG.TestScenario4" name="second_testcase" time="0.001"/>
  <testcase classname="demoTestNG.TestScenario4" name="seventh_testcase" time="0.002"/>
  <testcase classname="demoTestNG.TestScenario4" name="sixth_testcase" time="0.002">
    <failure type="java.lang.AssertionError" message="expected [Hello world] but found [Hello]">
      <![CDATA[java.lang.AssertionError: expected [Hello world] but found [Hello]
at demoTestNG.TestScenario4.sixth_testcase(TestScenario4.java:43)
at java.base/java.util.ArrayList.forEach(ArrayList.java:1597)
... Removed 31 stack frames]]>
    </failure>
  </testcase> <!-- sixth_testcase -->
  <testcase classname="demoTestNG.TestScenario4" name="third_testcase" time="0.001"/>
  <testcase classname="demoTestNG.TestScenario3" name="second_testcase" time="0.0">
    <ignored/>
  </testcase> <!-- second_testcase -->
  <testcase classname="org.xyz.automation.fb.KeyboardMouse_HandleWinAlertFrame" name="handlekeyboard" time="0.0">
    <ignored/>
  </testcase> <!-- handlekeyboard -->
</testsuite> <!-- Test -->
