<?xml version="1.0" encoding="UTF-8"?>
<!-- Generated by org.testng.reporters.JUnitXMLReporter -->
<testsuite ignored="16" hostname="DESKTOP-DJ4FDME" failures="5" tests="5" name="Test(failed)" time="0.102" errors="0" timestamp="2025-02-05T06:39:26 IST">
  <testcase classname="demoTestNG.TestScenario4" name="sixth_testcase" time="0.026">
    <failure type="java.lang.AssertionError" message="expected [Hello world] but found [Hello]">
      <![CDATA[java.lang.AssertionError: expected [Hello world] but found [Hello]
at demoTestNG.TestScenario4.sixth_testcase(TestScenario4.java:43)
at java.base/java.util.ArrayList.forEach(ArrayList.java:1597)
... Removed 31 stack frames]]>
    </failure>
  </testcase> <!-- sixth_testcase -->
  <testcase classname="demoTestNG.TestScenario7" name="second_testcase" time="0.002">
    <failure type="java.lang.AssertionError" message="expected [Hello world] but found [Hello]">
      <![CDATA[java.lang.AssertionError: expected [Hello world] but found [Hello]
at demoTestNG.TestScenario7.second_testcase(TestScenario7.java:19)
at java.base/java.util.ArrayList.forEach(ArrayList.java:1597)
... Removed 31 stack frames]]>
    </failure>
  </testcase> <!-- second_testcase -->
  <testcase classname="demoTestNG.TestScenario7" name="forth_testcase" time="0.001">
    <failure type="java.lang.AssertionError" message="expected [Hello world] but found [Hello]">
      <![CDATA[java.lang.AssertionError: expected [Hello world] but found [Hello]
at demoTestNG.TestScenario7.forth_testcase(TestScenario7.java:32)
at java.base/java.util.ArrayList.forEach(ArrayList.java:1597)
... Removed 31 stack frames]]>
    </failure>
  </testcase> <!-- forth_testcase -->
  <testcase classname="demoTestNG.TestScenario" name="first_testcase" time="0.002">
    <failure type="java.lang.AssertionError" message="expected [Hello world] but found [Hello]">
      <![CDATA[java.lang.AssertionError: expected [Hello world] but found [Hello]
at demoTestNG.TestScenario.first_testcase(TestScenario.java:13)
at java.base/java.util.ArrayList.forEach(ArrayList.java:1597)
... Removed 31 stack frames]]>
    </failure>
  </testcase> <!-- first_testcase -->
  <testcase classname="demoTestNG.TestScenario" name="forth_testcase" time="0.002">
    <failure type="java.lang.AssertionError" message="expected [Hello world] but found [Hello]">
      <![CDATA[java.lang.AssertionError: expected [Hello world] but found [Hello]
at demoTestNG.TestScenario.forth_testcase(TestScenario.java:32)
at java.base/java.util.ArrayList.forEach(ArrayList.java:1597)
... Removed 31 stack frames]]>
    </failure>
  </testcase> <!-- forth_testcase -->
  <testcase classname="demoTestNG.TestScenario7" name="fifth_testcase" time="0.0">
    <ignored/>
  </testcase> <!-- fifth_testcase -->
  <testcase classname="demoTestNG.TestScenario7" name="sixth_testcase" time="0.0">
    <ignored/>
  </testcase> <!-- sixth_testcase -->
  <testcase classname="demoTestNG.TestScenario4" name="second_testcase" time="0.0">
    <ignored/>
  </testcase> <!-- second_testcase -->
  <testcase classname="demoTestNG.TestScenario7" name="third_testcase" time="0.0">
    <ignored/>
  </testcase> <!-- third_testcase -->
  <testcase classname="demoTestNG.TestScenario4" name="forth_testcase" time="0.0">
    <ignored/>
  </testcase> <!-- forth_testcase -->
  <testcase classname="demoTestNG.TestScenario4" name="third_testcase" time="0.0">
    <ignored/>
  </testcase> <!-- third_testcase -->
  <testcase classname="demoTestNG.TestScenario7" name="seventh_testcase" time="0.0">
    <ignored/>
  </testcase> <!-- seventh_testcase -->
  <testcase classname="demoTestNG.TestScenario4" name="seventh_testcase" time="0.0">
    <ignored/>
  </testcase> <!-- seventh_testcase -->
  <testcase classname="demoTestNG.TestScenario4" name="first_testcase" time="0.0">
    <ignored/>
  </testcase> <!-- first_testcase -->
  <testcase classname="demoTestNG.TestScenario4" name="fifth_testcase" time="0.0">
    <ignored/>
  </testcase> <!-- fifth_testcase -->
  <testcase classname="demoTestNG.TestScenario7" name="first_testcase" time="0.0">
    <ignored/>
  </testcase> <!-- first_testcase -->
  <testcase classname="demoTestNG.TestScenario" name="sixth_testcase" time="0.0">
    <ignored/>
  </testcase> <!-- sixth_testcase -->
  <testcase classname="demoTestNG.TestScenario" name="second_testcase" time="0.0">
    <ignored/>
  </testcase> <!-- second_testcase -->
  <testcase classname="demoTestNG.TestScenario" name="third_testcase" time="0.0">
    <ignored/>
  </testcase> <!-- third_testcase -->
  <testcase classname="demoTestNG.TestScenario" name="seventh_testcase" time="0.0">
    <ignored/>
  </testcase> <!-- seventh_testcase -->
  <testcase classname="demoTestNG.TestScenario" name="fifth_testcase" time="0.0">
    <ignored/>
  </testcase> <!-- fifth_testcase -->
</testsuite> <!-- Test(failed) -->
