<?xml version="1.0" encoding="UTF-8"?>
<testng-results ignored="0" total="2" passed="2" failed="0" skipped="0">
  <reporter-output>
  </reporter-output>
  <suite started-at="2025-02-25T06:46:53 IST" name="Default suite" finished-at="2025-02-25T06:47:05 IST" duration-ms="11632">
    <groups>
    </groups>
    <test started-at="2025-02-25T06:46:53 IST" name="Default test" finished-at="2025-02-25T06:47:05 IST" duration-ms="11632">
      <class name="org.wipro.automation.saucedemo.testcases.SignupScenario">
        <test-method is-config="true" signature="launchBrowser()[pri:0, instance:org.wipro.automation.saucedemo.testcases.SignupScenario@2cd76f31]" started-at="2025-02-25T06:46:53 IST" name="launchBrowser" finished-at="2025-02-25T06:46:57 IST" duration-ms="3994" status="PASS">
          <reporter-output>
          </reporter-output>
        </test-method> <!-- launchBrowser -->
        <test-method signature="tc01__Signup(java.lang.String,java.lang.String)[pri:0, instance:org.wipro.automation.saucedemo.testcases.SignupScenario@2cd76f31]" started-at="2025-02-25T06:46:57 IST" name="tc01__Signup" data-provider="ddf2" finished-at="2025-02-25T06:46:59 IST" duration-ms="2089" status="PASS">
          <params>
            <param index="0">
              <value>
                <![CDATA[fname1]]>
              </value>
            </param>
            <param index="1">
              <value>
                <![CDATA[lname1]]>
              </value>
            </param>
          </params>
          <reporter-output>
          </reporter-output>
        </test-method> <!-- tc01__Signup -->
        <test-method is-config="true" signature="closeBrowser()[pri:0, instance:org.wipro.automation.saucedemo.testcases.SignupScenario@2cd76f31]" started-at="2025-02-25T06:46:59 IST" name="closeBrowser" finished-at="2025-02-25T06:46:59 IST" duration-ms="2" status="PASS">
          <reporter-output>
          </reporter-output>
        </test-method> <!-- closeBrowser -->
        <test-method is-config="true" signature="launchBrowser()[pri:0, instance:org.wipro.automation.saucedemo.testcases.SignupScenario@2cd76f31]" started-at="2025-02-25T06:46:59 IST" name="launchBrowser" finished-at="2025-02-25T06:47:03 IST" duration-ms="3448" status="PASS">
          <reporter-output>
          </reporter-output>
        </test-method> <!-- launchBrowser -->
        <test-method signature="tc01__Signup(java.lang.String,java.lang.String)[pri:0, instance:org.wipro.automation.saucedemo.testcases.SignupScenario@2cd76f31]" started-at="2025-02-25T06:47:03 IST" name="tc01__Signup" data-provider="ddf2" finished-at="2025-02-25T06:47:05 IST" duration-ms="1994" status="PASS">
          <params>
            <param index="0">
              <value>
                <![CDATA[fname2]]>
              </value>
            </param>
            <param index="1">
              <value>
                <![CDATA[lname2]]>
              </value>
            </param>
          </params>
          <reporter-output>
          </reporter-output>
        </test-method> <!-- tc01__Signup -->
        <test-method is-config="true" signature="closeBrowser()[pri:0, instance:org.wipro.automation.saucedemo.testcases.SignupScenario@2cd76f31]" started-at="2025-02-25T06:47:05 IST" name="closeBrowser" finished-at="2025-02-25T06:47:05 IST" duration-ms="0" status="PASS">
          <reporter-output>
          </reporter-output>
        </test-method> <!-- closeBrowser -->
      </class> <!-- org.wipro.automation.saucedemo.testcases.SignupScenario -->
    </test> <!-- Default test -->
  </suite> <!-- Default suite -->
</testng-results>
